<?xml version="1.0" encoding="UTF-8"?>
<testsuite xmlns:xsi="http://www.w3.org/2001/XMLSchema-instance" xsi:noNamespaceSchemaLocation="https://maven.apache.org/surefire/maven-surefire-plugin/xsd/surefire-test-report-3.0.xsd" version="3.0" name="com.hospital.registration.service.LoginPropertyTest" time="61.154" tests="4" errors="0" skipped="0" failures="0">
  <properties>
[...]
</properties>
  <testcase name="pendingAccountShouldNotLogin" classname="com.hospital.registration.service.LoginPropertyTest" time="8.451">
    <system-out><![CDATA[timestamp = 2025-12-14T18:42:04.505701, LoginPropertyTest:pendingAccountShouldNotLogin = 
                              |-----------------------jqwik-----------------------
tries = 50                    | # of calls to property
checks = 50                   | # of not rejected calls
generation = RANDOMIZED       | parameters are randomly generated
after-failure = SAMPLE_FIRST  | try previously failed sample, then previous seed
when-fixed-seed = ALLOW       | fixing the random seed is allowed
edge-cases#mode = MIXIN       | edge cases are mixed in
edge-cases#total = 8          | # of all combined edge cases
edge-cases#tried = 5          | # of edge cases tried in current run
seed = -8651004075877977974   | random seed to reproduce generated values


]]></system-out>
  </testcase>
  <testcase name="validCredentialsShouldReturnJwtWithCorrectRole" classname="com.hospital.registration.service.LoginPropertyTest" time="29.064">
    <system-out><![CDATA[timestamp = 2025-12-14T18:42:33.574577200, LoginPropertyTest:validCredentialsShouldReturnJwtWithCorrectRole = 
                              |-----------------------jqwik-----------------------
tries = 100                   | # of calls to property
checks = 100                  | # of not rejected calls
generation = RANDOMIZED       | parameters are randomly generated
after-failure = SAMPLE_FIRST  | try previously failed sample, then previous seed
when-fixed-seed = ALLOW       | fixing the random seed is allowed
edge-cases#mode = MIXIN       | edge cases are mixed in
edge-cases#total = 16         | # of all combined edge cases
edge-cases#tried = 13         | # of edge cases tried in current run
seed = 3218885633579794155    | random seed to reproduce generated values


]]></system-out>
  </testcase>
  <testcase name="nonExistentUserShouldBeRejected" classname="com.hospital.registration.service.LoginPropertyTest" time="0.018">
    <system-out><![CDATA[timestamp = 2025-12-14T18:42:33.592670200, LoginPropertyTest:nonExistentUserShouldBeRejected = 
                              |-----------------------jqwik-----------------------
tries = 50                    | # of calls to property
checks = 50                   | # of not rejected calls
generation = RANDOMIZED       | parameters are randomly generated
after-failure = SAMPLE_FIRST  | try previously failed sample, then previous seed
when-fixed-seed = ALLOW       | fixing the random seed is allowed
edge-cases#mode = MIXIN       | edge cases are mixed in
edge-cases#total = 8          | # of all combined edge cases
edge-cases#tried = 8          | # of edge cases tried in current run
seed = -7443457740494202521   | random seed to reproduce generated values


]]></system-out>
  </testcase>
  <testcase name="invalidPasswordShouldBeRejectedAndIncrementFailureCount" classname="com.hospital.registration.service.LoginPropertyTest" time="23.621">
    <system-out><![CDATA[timestamp = 2025-12-14T18:42:57.213166200, LoginPropertyTest:invalidPasswordShouldBeRejectedAndIncrementFailureCount = 
                              |-----------------------jqwik-----------------------
tries = 100                   | # of calls to property
checks = 96                   | # of not rejected calls
generation = RANDOMIZED       | parameters are randomly generated
after-failure = SAMPLE_FIRST  | try previously failed sample, then previous seed
when-fixed-seed = ALLOW       | fixing the random seed is allowed
edge-cases#mode = MIXIN       | edge cases are mixed in
edge-cases#total = 32         | # of all combined edge cases
edge-cases#tried = 16         | # of edge cases tried in current run
seed = -534676623809675053    | random seed to reproduce generated values


]]></system-out>
  </testcase>
</testsuite>